<?xml version="1.0" encoding="UTF-8"?>
<testsuites name="STM-2485" time="130.627" tests="2" failures="1" errors="0">
   <testsuite name="STM-2485" tests="2" failures="1" errors="0" time="130.627" skipped="0" timestamp="2023-11-14 10:25:38" hostname="HamidSamavat - DESKTOP-BG27TAB" id="Test Suites/STM-2485">
      <properties>
         <property name="deviceName" value=""/>
         <property name="devicePlatform" value=""/>
         <property name="logFolder" value="C:\\Users\\HamidSamavat\\Desktop\\Katalon\\Salesforce-MFA-Login-main\\Salesforce-MFA-Login-main\\Reports\\20231114_102534\\STM-2485\\20231114_102534"/>
         <property name="logFiles" value="C:\\Users\\HamidSamavat\\Desktop\\Katalon\\Salesforce-MFA-Login-main\\Salesforce-MFA-Login-main\\Reports\\20231114_102534\\STM-2485\\20231114_102534\\execution0.log"/>
         <property name="attachments" value="C:\\Users\\HamidSamavat\\Desktop\\Katalon\\Salesforce-MFA-Login-main\\Salesforce-MFA-Login-main\\Reports\\20231114_102534\\STM-2485\\20231114_102534\\1699917979034.png"/>
         <property name="hostName" value="HamidSamavat - DESKTOP-BG27TAB"/>
         <property name="os" value="Windows 10 64bit"/>
         <property name="katalonVersion" value="8.6.8.208"/>
         <property name="browser" value="Chrome 119.0.0.0"/>
         <property name="hostAddress" value="192.168.1.127"/>
         <property name="sessionId" value="3a9e3fcb784d14a5ab4bf4190ab5d344"/>
         <property name="seleniumVersion" value="3.141.59"/>
         <property name="proxyInformation" value="ProxyInformation { proxyOption=NO_PROXY, proxyServerType=HTTP, username=, password=********, proxyServerAddress=, proxyServerPort=0, executionList=&quot;&quot;, isApplyToDesiredCapabilities=true }"/>
         <property name="platform" value="Windows 10"/>
      </properties>
      <testcase name="Test Cases/Concession-Managment/STM-2485/STM-2485-Iteration1" time="40.71" classname="Test Cases/Concession-Managment/STM-2485/STM-2485-Iteration1" status="FAILED">
         <failure type="FAILED" message="Test Cases/Concession-Managment/STM-2485/STM-2485-Iteration1 FAILED.
Reason:
com.kms.katalon.core.exception.StepFailedException: Unable to click on object 'Object Repository/Home-Setup/Diana Turney'
	at com.kms.katalon.core.webui.keyword.internal.WebUIKeywordMain.stepFailed(WebUIKeywordMain.groovy:64)
	at com.kms.katalon.core.webui.keyword.internal.WebUIKeywordMain.runKeyword(WebUIKeywordMain.groovy:26)
	at com.kms.katalon.core.webui.keyword.builtin.ClickKeyword.click(ClickKeyword.groovy:74)
	at com.kms.katalon.core.webui.keyword.builtin.ClickKeyword.execute(ClickKeyword.groovy:40)
	at com.kms.katalon.core.keyword.internal.KeywordExecutor.executeKeywordForPlatform(KeywordExecutor.groovy:74)
	at com.kms.katalon.core.webui.keyword.WebUiBuiltInKeywords.click(WebUiBuiltInKeywords.groovy:620)
	at com.kms.katalon.core.webui.keyword.WebUiBuiltInKeywords$click$3.call(Unknown Source)
	at STM-2485-Iteration1.run(STM-2485-Iteration1:64)
	at com.kms.katalon.core.main.ScriptEngine.run(ScriptEngine.java:194)
	at com.kms.katalon.core.main.ScriptEngine.runScriptAsRawText(ScriptEngine.java:119)
	at com.kms.katalon.core.main.TestCaseExecutor.runScript(TestCaseExecutor.java:448)
	at com.kms.katalon.core.main.TestCaseExecutor.doExecute(TestCaseExecutor.java:439)
	at com.kms.katalon.core.main.TestCaseExecutor.processExecutionPhase(TestCaseExecutor.java:418)
	at com.kms.katalon.core.main.TestCaseExecutor.accessMainPhase(TestCaseExecutor.java:410)
	at com.kms.katalon.core.main.TestCaseExecutor.execute(TestCaseExecutor.java:285)
	at com.kms.katalon.core.common.CommonExecutor.accessTestCaseMainPhase(CommonExecutor.java:65)
	at com.kms.katalon.core.main.TestSuiteExecutor.accessTestSuiteMainPhase(TestSuiteExecutor.java:148)
	at com.kms.katalon.core.main.TestSuiteExecutor.execute(TestSuiteExecutor.java:106)
	at com.kms.katalon.core.main.TestCaseMain.startTestSuite(TestCaseMain.java:187)
	at com.kms.katalon.core.main.TestCaseMain$startTestSuite$0.call(Unknown Source)
	at TempTestSuite1699917934521.run(TempTestSuite1699917934521.groovy:36)
Caused by: org.openqa.selenium.ElementNotInteractableException: element not interactable
  (Session info: chrome=119.0.6045.124)
Build info: version: '3.141.59', revision: 'e82be7d358', time: '2018-11-14T08:25:53'
System info: host: 'DESKTOP-BG27TAB', ip: '192.168.1.127', os.name: 'Windows 10', os.arch: 'amd64', os.version: '10.0', java.version: '1.8.0_362'
Driver info: com.kms.katalon.selenium.driver.CChromeDriver
Capabilities {acceptInsecureCerts: false, browserName: chrome, browserVersion: 119.0.6045.124, chrome: {chromedriverVersion: 119.0.6045.105 (38c72552c5e..., userDataDir: C:\Users\HAMIDS~1\AppData\L...}, fedcm:accounts: true, goog:chromeOptions: {debuggerAddress: localhost:53946}, javascriptEnabled: true, networkConnectionEnabled: false, pageLoadStrategy: normal, platform: WINDOWS, platformName: WINDOWS, proxy: Proxy(), setWindowRect: true, strictFileInteractability: false, timeouts: {implicit: 0, pageLoad: 300000, script: 30000}, unhandledPromptBehavior: dismiss and notify, webauthn:extension:credBlob: true, webauthn:extension:largeBlob: true, webauthn:extension:minPinLength: true, webauthn:extension:prf: true, webauthn:virtualAuthenticators: true}
Session ID: 9e9f2dde7e648995124c9e6a9f52349d
	at org.openqa.selenium.remote.http.W3CHttpResponseCodec.createException(W3CHttpResponseCodec.java:187)
	at org.openqa.selenium.remote.http.W3CHttpResponseCodec.decode(W3CHttpResponseCodec.java:122)
	at org.openqa.selenium.remote.http.W3CHttpResponseCodec.decode(W3CHttpResponseCodec.java:49)
	at org.openqa.selenium.remote.HttpCommandExecutor.execute(HttpCommandExecutor.java:158)
	at org.openqa.selenium.remote.service.DriverCommandExecutor.execute(DriverCommandExecutor.java:83)
	at org.openqa.selenium.remote.RemoteWebDriver.execute(RemoteWebDriver.java:552)
	at com.kms.katalon.selenium.driver.CChromeDriver.execute(CChromeDriver.java:19)
	at org.openqa.selenium.remote.RemoteWebElement.execute(RemoteWebElement.java:285)
	at org.openqa.selenium.remote.RemoteWebElement.click(RemoteWebElement.java:84)
	at org.openqa.selenium.support.events.EventFiringWebDriver$EventFiringWebElement.lambda$new$0(EventFiringWebDriver.java:404)
	at com.sun.proxy.$Proxy11.click(Unknown Source)
	at org.openqa.selenium.support.events.EventFiringWebDriver$EventFiringWebElement.click(EventFiringWebDriver.java:417)
	at org.openqa.selenium.WebElement$click.call(Unknown Source)
	at com.kms.katalon.core.webui.keyword.builtin.ClickKeyword.clickUntilSuccessWithTimeout(ClickKeyword.groovy:81)
	at com.kms.katalon.core.webui.keyword.builtin.ClickKeyword.clickUntilSuccessWithTimeout(ClickKeyword.groovy)
	at com.kms.katalon.core.webui.keyword.builtin.ClickKeyword$_click_closure1.doCall(ClickKeyword.groovy:67)
	at com.kms.katalon.core.webui.keyword.builtin.ClickKeyword$_click_closure1.call(ClickKeyword.groovy)
	at com.kms.katalon.core.webui.keyword.internal.WebUIKeywordMain.runKeyword(WebUIKeywordMain.groovy:20)
	... 19 more
"/>
         <system-out><![CDATA[2023-11-14 10:25:38 - [TEST_CASE][FAILED] - Test Cases/Concession-Managment/STM-2485/STM-2485-Iteration1: Test Cases/Concession-Managment/STM-2485/STM-2485-Iteration1 FAILED.
Reason:
com.kms.katalon.core.exception.StepFailedException: Unable to click on object 'Object Repository/Home-Setup/Diana Turney'
	at com.kms.katalon.core.webui.keyword.internal.WebUIKeywordMain.stepFailed(WebUIKeywordMain.groovy:64)
	at com.kms.katalon.core.webui.keyword.internal.WebUIKeywordMain.runKeyword(WebUIKeywordMain.groovy:26)
	at com.kms.katalon.core.webui.keyword.builtin.ClickKeyword.click(ClickKeyword.groovy:74)
	at com.kms.katalon.core.webui.keyword.builtin.ClickKeyword.execute(ClickKeyword.groovy:40)
	at com.kms.katalon.core.keyword.internal.KeywordExecutor.executeKeywordForPlatform(KeywordExecutor.groovy:74)
	at com.kms.katalon.core.webui.keyword.WebUiBuiltInKeywords.click(WebUiBuiltInKeywords.groovy:620)
	at com.kms.katalon.core.webui.keyword.WebUiBuiltInKeywords$click$3.call(Unknown Source)
	at STM-2485-Iteration1.run(STM-2485-Iteration1:64)
	at com.kms.katalon.core.main.ScriptEngine.run(ScriptEngine.java:194)
	at com.kms.katalon.core.main.ScriptEngine.runScriptAsRawText(ScriptEngine.java:119)
	at com.kms.katalon.core.main.TestCaseExecutor.runScript(TestCaseExecutor.java:448)
	at com.kms.katalon.core.main.TestCaseExecutor.doExecute(TestCaseExecutor.java:439)
	at com.kms.katalon.core.main.TestCaseExecutor.processExecutionPhase(TestCaseExecutor.java:418)
	at com.kms.katalon.core.main.TestCaseExecutor.accessMainPhase(TestCaseExecutor.java:410)
	at com.kms.katalon.core.main.TestCaseExecutor.execute(TestCaseExecutor.java:285)
	at com.kms.katalon.core.common.CommonExecutor.accessTestCaseMainPhase(CommonExecutor.java:65)
	at com.kms.katalon.core.main.TestSuiteExecutor.accessTestSuiteMainPhase(TestSuiteExecutor.java:148)
	at com.kms.katalon.core.main.TestSuiteExecutor.execute(TestSuiteExecutor.java:106)
	at com.kms.katalon.core.main.TestCaseMain.startTestSuite(TestCaseMain.java:187)
	at com.kms.katalon.core.main.TestCaseMain$startTestSuite$0.call(Unknown Source)
	at TempTestSuite1699917934521.run(TempTestSuite1699917934521.groovy:36)
Caused by: org.openqa.selenium.ElementNotInteractableException: element not interactable
  (Session info: chrome=119.0.6045.124)
Build info: version: '3.141.59', revision: 'e82be7d358', time: '2018-11-14T08:25:53'
System info: host: 'DESKTOP-BG27TAB', ip: '192.168.1.127', os.name: 'Windows 10', os.arch: 'amd64', os.version: '10.0', java.version: '1.8.0_362'
Driver info: com.kms.katalon.selenium.driver.CChromeDriver
Capabilities {acceptInsecureCerts: false, browserName: chrome, browserVersion: 119.0.6045.124, chrome: {chromedriverVersion: 119.0.6045.105 (38c72552c5e..., userDataDir: C:\Users\HAMIDS~1\AppData\L...}, fedcm:accounts: true, goog:chromeOptions: {debuggerAddress: localhost:53946}, javascriptEnabled: true, networkConnectionEnabled: false, pageLoadStrategy: normal, platform: WINDOWS, platformName: WINDOWS, proxy: Proxy(), setWindowRect: true, strictFileInteractability: false, timeouts: {implicit: 0, pageLoad: 300000, script: 30000}, unhandledPromptBehavior: dismiss and notify, webauthn:extension:credBlob: true, webauthn:extension:largeBlob: true, webauthn:extension:minPinLength: true, webauthn:extension:prf: true, webauthn:virtualAuthenticators: true}
Session ID: 9e9f2dde7e648995124c9e6a9f52349d
	at org.openqa.selenium.remote.http.W3CHttpResponseCodec.createException(W3CHttpResponseCodec.java:187)
	at org.openqa.selenium.remote.http.W3CHttpResponseCodec.decode(W3CHttpResponseCodec.java:122)
	at org.openqa.selenium.remote.http.W3CHttpResponseCodec.decode(W3CHttpResponseCodec.java:49)
	at org.openqa.selenium.remote.HttpCommandExecutor.execute(HttpCommandExecutor.java:158)
	at org.openqa.selenium.remote.service.DriverCommandExecutor.execute(DriverCommandExecutor.java:83)
	at org.openqa.selenium.remote.RemoteWebDriver.execute(RemoteWebDriver.java:552)
	at com.kms.katalon.selenium.driver.CChromeDriver.execute(CChromeDriver.java:19)
	at org.openqa.selenium.remote.RemoteWebElement.execute(RemoteWebElement.java:285)
	at org.openqa.selenium.remote.RemoteWebElement.click(RemoteWebElement.java:84)
	at org.openqa.selenium.support.events.EventFiringWebDriver$EventFiringWebElement.lambda$new$0(EventFiringWebDriver.java:404)
	at com.sun.proxy.$Proxy11.click(Unknown Source)
	at org.openqa.selenium.support.events.EventFiringWebDriver$EventFiringWebElement.click(EventFiringWebDriver.java:417)
	at org.openqa.selenium.WebElement$click.call(Unknown Source)
	at com.kms.katalon.core.webui.keyword.builtin.ClickKeyword.clickUntilSuccessWithTimeout(ClickKeyword.groovy:81)
	at com.kms.katalon.core.webui.keyword.builtin.ClickKeyword.clickUntilSuccessWithTimeout(ClickKeyword.groovy)
	at com.kms.katalon.core.webui.keyword.builtin.ClickKeyword$_click_closure1.doCall(ClickKeyword.groovy:67)
	at com.kms.katalon.core.webui.keyword.builtin.ClickKeyword$_click_closure1.call(ClickKeyword.groovy)
	at com.kms.katalon.core.webui.keyword.internal.WebUIKeywordMain.runKeyword(WebUIKeywordMain.groovy:20)
	... 19 more


2023-11-14 10:25:39 - [TEST_STEP][PASSED] - openBrowser(""): Browser is opened with url: ''

2023-11-14 10:25:39 - [MESSAGE][INFO] - Starting 'Chrome' driver

2023-11-14 10:25:39 - [MESSAGE][INFO] - Action delay is set to 0 milliseconds

2023-11-14 10:25:42 - [MESSAGE][PASSED] - Browser is opened with url: ''

2023-11-14 10:25:42 - [TEST_STEP][PASSED] - maximizeWindow(): Current window maximized

2023-11-14 10:25:42 - [MESSAGE][PASSED] - Current window maximized

2023-11-14 10:25:42 - [TEST_STEP][PASSED] - navigateToUrl("https://southeastwater--full2.sandbox.lightning.force.com/lightning/page/home"): Navigate to 'https://southeastwater--full2.sandbox.lightning.force.com/lightning/page/home' successfully

2023-11-14 10:25:43 - [MESSAGE][PASSED] - Navigate to 'https://southeastwater--full2.sandbox.lightning.force.com/lightning/page/home' successfully

2023-11-14 10:25:43 - [TEST_STEP][PASSED] - waitForPageLoad(10, STOP_ON_FAILURE): Wait for page load successfully

2023-11-14 10:25:44 - [MESSAGE][PASSED] - Wait for page load successfully

2023-11-14 10:25:44 - [TEST_STEP][PASSED] - click(findTestObject("Page_Login  Salesforce/Input-Username")): Object: 'Object Repository/Page_Login  Salesforce/Input-Username' is clicked on

2023-11-14 10:25:45 - [MESSAGE][PASSED] - Object: 'Object Repository/Page_Login  Salesforce/Input-Username' is clicked on

2023-11-14 10:25:45 - [TEST_STEP][PASSED] - setText(findTestObject("Page_Login  Salesforce/input-username-Text"), "hamid.samavat@kjr.com.au"): Text 'hamid.samavat@kjr.com.au' is set on object 'Object Repository/Page_Login  Salesforce/input-username-Text'

2023-11-14 10:25:45 - [MESSAGE][PASSED] - Text 'hamid.samavat@kjr.com.au' is set on object 'Object Repository/Page_Login  Salesforce/input-username-Text'

2023-11-14 10:25:45 - [TEST_STEP][PASSED] - click(findTestObject("Page_Login  Salesforce/input-username-next")): Object: 'Object Repository/Page_Login  Salesforce/input-username-next' is clicked on

2023-11-14 10:25:46 - [MESSAGE][PASSED] - Object: 'Object Repository/Page_Login  Salesforce/input-username-next' is clicked on

2023-11-14 10:25:46 - [TEST_STEP][PASSED] - click(findTestObject("Page_Login  Salesforce/input_Password_pw")): Object: 'Object Repository/Page_Login  Salesforce/input_Password_pw' is clicked on

2023-11-14 10:25:47 - [MESSAGE][PASSED] - Object: 'Object Repository/Page_Login  Salesforce/input_Password_pw' is clicked on

2023-11-14 10:25:47 - [TEST_STEP][PASSED] - setEncryptedText(findTestObject("Object Repository/Page_Login  Salesforce/input_Password_pw"), "1SfOns6koWoi404fwi/OCQ=="): Text ****** has been set on object 'Object Repository/Page_Login  Salesforce/input_Password_pw'

2023-11-14 10:25:47 - [MESSAGE][PASSED] - Text ****** has been set on object 'Object Repository/Page_Login  Salesforce/input_Password_pw'

2023-11-14 10:25:47 - [TEST_STEP][PASSED] - click(findTestObject("Object Repository/Page_Login  Salesforce/input_Password_Login")): Object: 'Object Repository/Page_Login  Salesforce/input_Password_Login' is clicked on

2023-11-14 10:25:48 - [MESSAGE][PASSED] - Object: 'Object Repository/Page_Login  Salesforce/input_Password_Login' is clicked on

2023-11-14 10:25:48 - [TEST_STEP][PASSED] - delay(15): Delayed 15 second(s)

2023-11-14 10:26:03 - [MESSAGE][PASSED] - Delayed 15 second(s)

2023-11-14 10:26:03 - [TEST_STEP][PASSED] - click(findTestObject("Page_Login  Salesforce/Yes button")): Object: 'Object Repository/Page_Login  Salesforce/Yes button' is clicked on

2023-11-14 10:26:08 - [MESSAGE][PASSED] - Object: 'Object Repository/Page_Login  Salesforce/Yes button' is clicked on

2023-11-14 10:26:08 - [TEST_STEP][PASSED] - click(findTestObject("home page/Gear icon")): Object: 'Object Repository/home page/Gear icon' is clicked on

2023-11-14 10:26:11 - [MESSAGE][PASSED] - Object: 'Object Repository/home page/Gear icon' is clicked on

2023-11-14 10:26:11 - [TEST_STEP][PASSED] - click(findTestObject("home page/Setup")): Object: 'Object Repository/home page/Setup' is clicked on

2023-11-14 10:26:11 - [MESSAGE][PASSED] - Object: 'Object Repository/home page/Setup' is clicked on

2023-11-14 10:26:11 - [TEST_STEP][PASSED] - click(findTestObject("Home-Setup/Search")): Object: 'Object Repository/Home-Setup/Search' is clicked on

2023-11-14 10:26:14 - [MESSAGE][PASSED] - Object: 'Object Repository/Home-Setup/Search' is clicked on

2023-11-14 10:26:14 - [TEST_STEP][PASSED] - switchToWindowIndex(1): Switched to window with index: '1'

2023-11-14 10:26:14 - [MESSAGE][PASSED] - Switched to window with index: '1'

2023-11-14 10:26:14 - [TEST_STEP][PASSED] - setText(findTestObject("Home-Setup/Search-add-values"), "Diana Turney"): Text 'Diana Turney' is set on object 'Object Repository/Home-Setup/Search-add-values'

2023-11-14 10:26:15 - [MESSAGE][PASSED] - Text 'Diana Turney' is set on object 'Object Repository/Home-Setup/Search-add-values'

2023-11-14 10:26:15 - [TEST_STEP][PASSED] - sendKeys(findTestObject("Home-Setup/Search-add-values"), Keys.chord(ENTER)): Keys 'ENTER + ' sent to object: 'Object Repository/Home-Setup/Search-add-values'

2023-11-14 10:26:16 - [MESSAGE][PASSED] - Keys 'ENTER + ' sent to object: 'Object Repository/Home-Setup/Search-add-values'

2023-11-14 10:26:16 - [TEST_STEP][PASSED] - waitForElementClickable(findTestObject("Home-Setup/Diana Turney"), 10): Object 'Object Repository/Home-Setup/Diana Turney' is clickable

2023-11-14 10:26:18 - [MESSAGE][PASSED] - Object 'Object Repository/Home-Setup/Diana Turney' is clickable

2023-11-14 10:26:18 - [TEST_STEP][FAILED] - click(findTestObject("Home-Setup/Diana Turney")): Unable to click on object 'Object Repository/Home-Setup/Diana Turney' (Root cause: com.kms.katalon.core.exception.StepFailedException: Unable to click on object 'Object Repository/Home-Setup/Diana Turney'
	at com.kms.katalon.core.webui.keyword.internal.WebUIKeywordMain.stepFailed(WebUIKeywordMain.groovy:64)
	at com.kms.katalon.core.webui.keyword.internal.WebUIKeywordMain.runKeyword(WebUIKeywordMain.groovy:26)
	at com.kms.katalon.core.webui.keyword.builtin.ClickKeyword.click(ClickKeyword.groovy:74)
	at com.kms.katalon.core.webui.keyword.builtin.ClickKeyword.execute(ClickKeyword.groovy:40)
	at com.kms.katalon.core.keyword.internal.KeywordExecutor.executeKeywordForPlatform(KeywordExecutor.groovy:74)
	at com.kms.katalon.core.webui.keyword.WebUiBuiltInKeywords.click(WebUiBuiltInKeywords.groovy:620)
	at com.kms.katalon.core.webui.keyword.WebUiBuiltInKeywords$click$3.call(Unknown Source)
	at STM-2485-Iteration1.run(STM-2485-Iteration1:64)
	at com.kms.katalon.core.main.ScriptEngine.run(ScriptEngine.java:194)
	at com.kms.katalon.core.main.ScriptEngine.runScriptAsRawText(ScriptEngine.java:119)
	at com.kms.katalon.core.main.TestCaseExecutor.runScript(TestCaseExecutor.java:448)
	at com.kms.katalon.core.main.TestCaseExecutor.doExecute(TestCaseExecutor.java:439)
	at com.kms.katalon.core.main.TestCaseExecutor.processExecutionPhase(TestCaseExecutor.java:418)
	at com.kms.katalon.core.main.TestCaseExecutor.accessMainPhase(TestCaseExecutor.java:410)
	at com.kms.katalon.core.main.TestCaseExecutor.execute(TestCaseExecutor.java:285)
	at com.kms.katalon.core.common.CommonExecutor.accessTestCaseMainPhase(CommonExecutor.java:65)
	at com.kms.katalon.core.main.TestSuiteExecutor.accessTestSuiteMainPhase(TestSuiteExecutor.java:148)
	at com.kms.katalon.core.main.TestSuiteExecutor.execute(TestSuiteExecutor.java:106)
	at com.kms.katalon.core.main.TestCaseMain.startTestSuite(TestCaseMain.java:187)
	at com.kms.katalon.core.main.TestCaseMain$startTestSuite$0.call(Unknown Source)
	at TempTestSuite1699917934521.run(TempTestSuite1699917934521.groovy:36)
Caused by: org.openqa.selenium.ElementNotInteractableException: element not interactable
  (Session info: chrome=119.0.6045.124)
Build info: version: '3.141.59', revision: 'e82be7d358', time: '2018-11-14T08:25:53'
System info: host: 'DESKTOP-BG27TAB', ip: '192.168.1.127', os.name: 'Windows 10', os.arch: 'amd64', os.version: '10.0', java.version: '1.8.0_362'
Driver info: com.kms.katalon.selenium.driver.CChromeDriver
Capabilities {acceptInsecureCerts: false, browserName: chrome, browserVersion: 119.0.6045.124, chrome: {chromedriverVersion: 119.0.6045.105 (38c72552c5e..., userDataDir: C:\Users\HAMIDS~1\AppData\L...}, fedcm:accounts: true, goog:chromeOptions: {debuggerAddress: localhost:53946}, javascriptEnabled: true, networkConnectionEnabled: false, pageLoadStrategy: normal, platform: WINDOWS, platformName: WINDOWS, proxy: Proxy(), setWindowRect: true, strictFileInteractability: false, timeouts: {implicit: 0, pageLoad: 300000, script: 30000}, unhandledPromptBehavior: dismiss and notify, webauthn:extension:credBlob: true, webauthn:extension:largeBlob: true, webauthn:extension:minPinLength: true, webauthn:extension:prf: true, webauthn:virtualAuthenticators: true}
Session ID: 9e9f2dde7e648995124c9e6a9f52349d
	at org.openqa.selenium.remote.http.W3CHttpResponseCodec.createException(W3CHttpResponseCodec.java:187)
	at org.openqa.selenium.remote.http.W3CHttpResponseCodec.decode(W3CHttpResponseCodec.java:122)
	at org.openqa.selenium.remote.http.W3CHttpResponseCodec.decode(W3CHttpResponseCodec.java:49)
	at org.openqa.selenium.remote.HttpCommandExecutor.execute(HttpCommandExecutor.java:158)
	at org.openqa.selenium.remote.service.DriverCommandExecutor.execute(DriverCommandExecutor.java:83)
	at org.openqa.selenium.remote.RemoteWebDriver.execute(RemoteWebDriver.java:552)
	at com.kms.katalon.selenium.driver.CChromeDriver.execute(CChromeDriver.java:19)
	at org.openqa.selenium.remote.RemoteWebElement.execute(RemoteWebElement.java:285)
	at org.openqa.selenium.remote.RemoteWebElement.click(RemoteWebElement.java:84)
	at org.openqa.selenium.support.events.EventFiringWebDriver$EventFiringWebElement.lambda$new$0(EventFiringWebDriver.java:404)
	at com.sun.proxy.$Proxy11.click(Unknown Source)
	at org.openqa.selenium.support.events.EventFiringWebDriver$EventFiringWebElement.click(EventFiringWebDriver.java:417)
	at org.openqa.selenium.WebElement$click.call(Unknown Source)
	at com.kms.katalon.core.webui.keyword.builtin.ClickKeyword.clickUntilSuccessWithTimeout(ClickKeyword.groovy:81)
	at com.kms.katalon.core.webui.keyword.builtin.ClickKeyword.clickUntilSuccessWithTimeout(ClickKeyword.groovy)
	at com.kms.katalon.core.webui.keyword.builtin.ClickKeyword$_click_closure1.doCall(ClickKeyword.groovy:67)
	at com.kms.katalon.core.webui.keyword.builtin.ClickKeyword$_click_closure1.call(ClickKeyword.groovy)
	at com.kms.katalon.core.webui.keyword.internal.WebUIKeywordMain.runKeyword(WebUIKeywordMain.groovy:20)
	at com.kms.katalon.core.webui.keyword.builtin.ClickKeyword.click(ClickKeyword.groovy:74)
	at com.kms.katalon.core.webui.keyword.builtin.ClickKeyword.execute(ClickKeyword.groovy:40)
	at com.kms.katalon.core.keyword.internal.KeywordExecutor.executeKeywordForPlatform(KeywordExecutor.groovy:74)
	at com.kms.katalon.core.webui.keyword.WebUiBuiltInKeywords.click(WebUiBuiltInKeywords.groovy:620)
	at com.kms.katalon.core.webui.keyword.WebUiBuiltInKeywords$click$3.call(Unknown Source)
	at Script1699911970396.run(Script1699911970396.groovy:64)
	... 13 more
)

2023-11-14 10:26:19 - [MESSAGE][FAILED] - Unable to click on object 'Object Repository/Home-Setup/Diana Turney' (Root cause: com.kms.katalon.core.exception.StepFailedException: Unable to click on object 'Object Repository/Home-Setup/Diana Turney'
	at com.kms.katalon.core.webui.keyword.internal.WebUIKeywordMain.stepFailed(WebUIKeywordMain.groovy:64)
	at com.kms.katalon.core.webui.keyword.internal.WebUIKeywordMain.runKeyword(WebUIKeywordMain.groovy:26)
	at com.kms.katalon.core.webui.keyword.builtin.ClickKeyword.click(ClickKeyword.groovy:74)
	at com.kms.katalon.core.webui.keyword.builtin.ClickKeyword.execute(ClickKeyword.groovy:40)
	at com.kms.katalon.core.keyword.internal.KeywordExecutor.executeKeywordForPlatform(KeywordExecutor.groovy:74)
	at com.kms.katalon.core.webui.keyword.WebUiBuiltInKeywords.click(WebUiBuiltInKeywords.groovy:620)
	at com.kms.katalon.core.webui.keyword.WebUiBuiltInKeywords$click$3.call(Unknown Source)
	at STM-2485-Iteration1.run(STM-2485-Iteration1:64)
	at com.kms.katalon.core.main.ScriptEngine.run(ScriptEngine.java:194)
	at com.kms.katalon.core.main.ScriptEngine.runScriptAsRawText(ScriptEngine.java:119)
	at com.kms.katalon.core.main.TestCaseExecutor.runScript(TestCaseExecutor.java:448)
	at com.kms.katalon.core.main.TestCaseExecutor.doExecute(TestCaseExecutor.java:439)
	at com.kms.katalon.core.main.TestCaseExecutor.processExecutionPhase(TestCaseExecutor.java:418)
	at com.kms.katalon.core.main.TestCaseExecutor.accessMainPhase(TestCaseExecutor.java:410)
	at com.kms.katalon.core.main.TestCaseExecutor.execute(TestCaseExecutor.java:285)
	at com.kms.katalon.core.common.CommonExecutor.accessTestCaseMainPhase(CommonExecutor.java:65)
	at com.kms.katalon.core.main.TestSuiteExecutor.accessTestSuiteMainPhase(TestSuiteExecutor.java:148)
	at com.kms.katalon.core.main.TestSuiteExecutor.execute(TestSuiteExecutor.java:106)
	at com.kms.katalon.core.main.TestCaseMain.startTestSuite(TestCaseMain.java:187)
	at com.kms.katalon.core.main.TestCaseMain$startTestSuite$0.call(Unknown Source)
	at TempTestSuite1699917934521.run(TempTestSuite1699917934521.groovy:36)
Caused by: org.openqa.selenium.ElementNotInteractableException: element not interactable
  (Session info: chrome=119.0.6045.124)
Build info: version: '3.141.59', revision: 'e82be7d358', time: '2018-11-14T08:25:53'
System info: host: 'DESKTOP-BG27TAB', ip: '192.168.1.127', os.name: 'Windows 10', os.arch: 'amd64', os.version: '10.0', java.version: '1.8.0_362'
Driver info: com.kms.katalon.selenium.driver.CChromeDriver
Capabilities {acceptInsecureCerts: false, browserName: chrome, browserVersion: 119.0.6045.124, chrome: {chromedriverVersion: 119.0.6045.105 (38c72552c5e..., userDataDir: C:\Users\HAMIDS~1\AppData\L...}, fedcm:accounts: true, goog:chromeOptions: {debuggerAddress: localhost:53946}, javascriptEnabled: true, networkConnectionEnabled: false, pageLoadStrategy: normal, platform: WINDOWS, platformName: WINDOWS, proxy: Proxy(), setWindowRect: true, strictFileInteractability: false, timeouts: {implicit: 0, pageLoad: 300000, script: 30000}, unhandledPromptBehavior: dismiss and notify, webauthn:extension:credBlob: true, webauthn:extension:largeBlob: true, webauthn:extension:minPinLength: true, webauthn:extension:prf: true, webauthn:virtualAuthenticators: true}
Session ID: 9e9f2dde7e648995124c9e6a9f52349d
	at org.openqa.selenium.remote.http.W3CHttpResponseCodec.createException(W3CHttpResponseCodec.java:187)
	at org.openqa.selenium.remote.http.W3CHttpResponseCodec.decode(W3CHttpResponseCodec.java:122)
	at org.openqa.selenium.remote.http.W3CHttpResponseCodec.decode(W3CHttpResponseCodec.java:49)
	at org.openqa.selenium.remote.HttpCommandExecutor.execute(HttpCommandExecutor.java:158)
	at org.openqa.selenium.remote.service.DriverCommandExecutor.execute(DriverCommandExecutor.java:83)
	at org.openqa.selenium.remote.RemoteWebDriver.execute(RemoteWebDriver.java:552)
	at com.kms.katalon.selenium.driver.CChromeDriver.execute(CChromeDriver.java:19)
	at org.openqa.selenium.remote.RemoteWebElement.execute(RemoteWebElement.java:285)
	at org.openqa.selenium.remote.RemoteWebElement.click(RemoteWebElement.java:84)
	at org.openqa.selenium.support.events.EventFiringWebDriver$EventFiringWebElement.lambda$new$0(EventFiringWebDriver.java:404)
	at com.sun.proxy.$Proxy11.click(Unknown Source)
	at org.openqa.selenium.support.events.EventFiringWebDriver$EventFiringWebElement.click(EventFiringWebDriver.java:417)
	at org.openqa.selenium.WebElement$click.call(Unknown Source)
	at com.kms.katalon.core.webui.keyword.builtin.ClickKeyword.clickUntilSuccessWithTimeout(ClickKeyword.groovy:81)
	at com.kms.katalon.core.webui.keyword.builtin.ClickKeyword.clickUntilSuccessWithTimeout(ClickKeyword.groovy)
	at com.kms.katalon.core.webui.keyword.builtin.ClickKeyword$_click_closure1.doCall(ClickKeyword.groovy:67)
	at com.kms.katalon.core.webui.keyword.builtin.ClickKeyword$_click_closure1.call(ClickKeyword.groovy)
	at com.kms.katalon.core.webui.keyword.internal.WebUIKeywordMain.runKeyword(WebUIKeywordMain.groovy:20)
	at com.kms.katalon.core.webui.keyword.builtin.ClickKeyword.click(ClickKeyword.groovy:74)
	at com.kms.katalon.core.webui.keyword.builtin.ClickKeyword.execute(ClickKeyword.groovy:40)
	at com.kms.katalon.core.keyword.internal.KeywordExecutor.executeKeywordForPlatform(KeywordExecutor.groovy:74)
	at com.kms.katalon.core.webui.keyword.WebUiBuiltInKeywords.click(WebUiBuiltInKeywords.groovy:620)
	at com.kms.katalon.core.webui.keyword.WebUiBuiltInKeywords$click$3.call(Unknown Source)
	at Script1699911970396.run(Script1699911970396.groovy:64)
	... 13 more
)
[[ATTACHMENT|C:\\Users\\HamidSamavat\\Desktop\\Katalon\\Salesforce-MFA-Login-main\\Salesforce-MFA-Login-main\\Reports\\20231114_102534\\STM-2485\\20231114_102534\\1699917979034.png]]]]></system-out>
         <system-err><![CDATA[2023-11-14 10:25:38 - [TEST_CASE][FAILED] - Test Cases/Concession-Managment/STM-2485/STM-2485-Iteration1: Test Cases/Concession-Managment/STM-2485/STM-2485-Iteration1 FAILED.
Reason:
com.kms.katalon.core.exception.StepFailedException: Unable to click on object 'Object Repository/Home-Setup/Diana Turney'
	at com.kms.katalon.core.webui.keyword.internal.WebUIKeywordMain.stepFailed(WebUIKeywordMain.groovy:64)
	at com.kms.katalon.core.webui.keyword.internal.WebUIKeywordMain.runKeyword(WebUIKeywordMain.groovy:26)
	at com.kms.katalon.core.webui.keyword.builtin.ClickKeyword.click(ClickKeyword.groovy:74)
	at com.kms.katalon.core.webui.keyword.builtin.ClickKeyword.execute(ClickKeyword.groovy:40)
	at com.kms.katalon.core.keyword.internal.KeywordExecutor.executeKeywordForPlatform(KeywordExecutor.groovy:74)
	at com.kms.katalon.core.webui.keyword.WebUiBuiltInKeywords.click(WebUiBuiltInKeywords.groovy:620)
	at com.kms.katalon.core.webui.keyword.WebUiBuiltInKeywords$click$3.call(Unknown Source)
	at STM-2485-Iteration1.run(STM-2485-Iteration1:64)
	at com.kms.katalon.core.main.ScriptEngine.run(ScriptEngine.java:194)
	at com.kms.katalon.core.main.ScriptEngine.runScriptAsRawText(ScriptEngine.java:119)
	at com.kms.katalon.core.main.TestCaseExecutor.runScript(TestCaseExecutor.java:448)
	at com.kms.katalon.core.main.TestCaseExecutor.doExecute(TestCaseExecutor.java:439)
	at com.kms.katalon.core.main.TestCaseExecutor.processExecutionPhase(TestCaseExecutor.java:418)
	at com.kms.katalon.core.main.TestCaseExecutor.accessMainPhase(TestCaseExecutor.java:410)
	at com.kms.katalon.core.main.TestCaseExecutor.execute(TestCaseExecutor.java:285)
	at com.kms.katalon.core.common.CommonExecutor.accessTestCaseMainPhase(CommonExecutor.java:65)
	at com.kms.katalon.core.main.TestSuiteExecutor.accessTestSuiteMainPhase(TestSuiteExecutor.java:148)
	at com.kms.katalon.core.main.TestSuiteExecutor.execute(TestSuiteExecutor.java:106)
	at com.kms.katalon.core.main.TestCaseMain.startTestSuite(TestCaseMain.java:187)
	at com.kms.katalon.core.main.TestCaseMain$startTestSuite$0.call(Unknown Source)
	at TempTestSuite1699917934521.run(TempTestSuite1699917934521.groovy:36)
Caused by: org.openqa.selenium.ElementNotInteractableException: element not interactable
  (Session info: chrome=119.0.6045.124)
Build info: version: '3.141.59', revision: 'e82be7d358', time: '2018-11-14T08:25:53'
System info: host: 'DESKTOP-BG27TAB', ip: '192.168.1.127', os.name: 'Windows 10', os.arch: 'amd64', os.version: '10.0', java.version: '1.8.0_362'
Driver info: com.kms.katalon.selenium.driver.CChromeDriver
Capabilities {acceptInsecureCerts: false, browserName: chrome, browserVersion: 119.0.6045.124, chrome: {chromedriverVersion: 119.0.6045.105 (38c72552c5e..., userDataDir: C:\Users\HAMIDS~1\AppData\L...}, fedcm:accounts: true, goog:chromeOptions: {debuggerAddress: localhost:53946}, javascriptEnabled: true, networkConnectionEnabled: false, pageLoadStrategy: normal, platform: WINDOWS, platformName: WINDOWS, proxy: Proxy(), setWindowRect: true, strictFileInteractability: false, timeouts: {implicit: 0, pageLoad: 300000, script: 30000}, unhandledPromptBehavior: dismiss and notify, webauthn:extension:credBlob: true, webauthn:extension:largeBlob: true, webauthn:extension:minPinLength: true, webauthn:extension:prf: true, webauthn:virtualAuthenticators: true}
Session ID: 9e9f2dde7e648995124c9e6a9f52349d
	at org.openqa.selenium.remote.http.W3CHttpResponseCodec.createException(W3CHttpResponseCodec.java:187)
	at org.openqa.selenium.remote.http.W3CHttpResponseCodec.decode(W3CHttpResponseCodec.java:122)
	at org.openqa.selenium.remote.http.W3CHttpResponseCodec.decode(W3CHttpResponseCodec.java:49)
	at org.openqa.selenium.remote.HttpCommandExecutor.execute(HttpCommandExecutor.java:158)
	at org.openqa.selenium.remote.service.DriverCommandExecutor.execute(DriverCommandExecutor.java:83)
	at org.openqa.selenium.remote.RemoteWebDriver.execute(RemoteWebDriver.java:552)
	at com.kms.katalon.selenium.driver.CChromeDriver.execute(CChromeDriver.java:19)
	at org.openqa.selenium.remote.RemoteWebElement.execute(RemoteWebElement.java:285)
	at org.openqa.selenium.remote.RemoteWebElement.click(RemoteWebElement.java:84)
	at org.openqa.selenium.support.events.EventFiringWebDriver$EventFiringWebElement.lambda$new$0(EventFiringWebDriver.java:404)
	at com.sun.proxy.$Proxy11.click(Unknown Source)
	at org.openqa.selenium.support.events.EventFiringWebDriver$EventFiringWebElement.click(EventFiringWebDriver.java:417)
	at org.openqa.selenium.WebElement$click.call(Unknown Source)
	at com.kms.katalon.core.webui.keyword.builtin.ClickKeyword.clickUntilSuccessWithTimeout(ClickKeyword.groovy:81)
	at com.kms.katalon.core.webui.keyword.builtin.ClickKeyword.clickUntilSuccessWithTimeout(ClickKeyword.groovy)
	at com.kms.katalon.core.webui.keyword.builtin.ClickKeyword$_click_closure1.doCall(ClickKeyword.groovy:67)
	at com.kms.katalon.core.webui.keyword.builtin.ClickKeyword$_click_closure1.call(ClickKeyword.groovy)
	at com.kms.katalon.core.webui.keyword.internal.WebUIKeywordMain.runKeyword(WebUIKeywordMain.groovy:20)
	... 19 more]]></system-err>
      </testcase>
      <testcase name="Test Cases/Concession-Managment/STM-2485/STM-2485-Iteration1" time="89.594" classname="Test Cases/Concession-Managment/STM-2485/STM-2485-Iteration1" status="PASSED">
         <system-out><![CDATA[2023-11-14 10:26:19 - [TEST_CASE][PASSED] - Test Cases/Concession-Managment/STM-2485/STM-2485-Iteration1: Test Cases/Concession-Managment/STM-2485/STM-2485-Iteration1

2023-11-14 10:26:19 - [TEST_STEP][PASSED] - openBrowser(""): Browser is opened with url: ''

2023-11-14 10:26:19 - [MESSAGE][WARNING] - A browser is already opened. Closing browser and opening a new one

2023-11-14 10:26:20 - [MESSAGE][INFO] - Starting 'Chrome' driver

2023-11-14 10:26:20 - [MESSAGE][INFO] - Action delay is set to 0 milliseconds

2023-11-14 10:26:21 - [MESSAGE][PASSED] - Browser is opened with url: ''

2023-11-14 10:26:21 - [TEST_STEP][PASSED] - maximizeWindow(): Current window maximized

2023-11-14 10:26:21 - [MESSAGE][PASSED] - Current window maximized

2023-11-14 10:26:21 - [TEST_STEP][PASSED] - navigateToUrl("https://southeastwater--full2.sandbox.lightning.force.com/lightning/page/home"): Navigate to 'https://southeastwater--full2.sandbox.lightning.force.com/lightning/page/home' successfully

2023-11-14 10:26:22 - [MESSAGE][PASSED] - Navigate to 'https://southeastwater--full2.sandbox.lightning.force.com/lightning/page/home' successfully

2023-11-14 10:26:22 - [TEST_STEP][PASSED] - waitForPageLoad(10, STOP_ON_FAILURE): Wait for page load successfully

2023-11-14 10:26:23 - [MESSAGE][PASSED] - Wait for page load successfully

2023-11-14 10:26:23 - [TEST_STEP][PASSED] - click(findTestObject("Page_Login  Salesforce/Input-Username")): Object: 'Object Repository/Page_Login  Salesforce/Input-Username' is clicked on

2023-11-14 10:26:23 - [MESSAGE][PASSED] - Object: 'Object Repository/Page_Login  Salesforce/Input-Username' is clicked on

2023-11-14 10:26:23 - [TEST_STEP][PASSED] - setText(findTestObject("Page_Login  Salesforce/input-username-Text"), "hamid.samavat@kjr.com.au"): Text 'hamid.samavat@kjr.com.au' is set on object 'Object Repository/Page_Login  Salesforce/input-username-Text'

2023-11-14 10:26:24 - [MESSAGE][PASSED] - Text 'hamid.samavat@kjr.com.au' is set on object 'Object Repository/Page_Login  Salesforce/input-username-Text'

2023-11-14 10:26:24 - [TEST_STEP][PASSED] - click(findTestObject("Page_Login  Salesforce/input-username-next")): Object: 'Object Repository/Page_Login  Salesforce/input-username-next' is clicked on

2023-11-14 10:26:24 - [MESSAGE][PASSED] - Object: 'Object Repository/Page_Login  Salesforce/input-username-next' is clicked on

2023-11-14 10:26:24 - [TEST_STEP][PASSED] - click(findTestObject("Page_Login  Salesforce/input_Password_pw")): Object: 'Object Repository/Page_Login  Salesforce/input_Password_pw' is clicked on

2023-11-14 10:26:25 - [MESSAGE][PASSED] - Object: 'Object Repository/Page_Login  Salesforce/input_Password_pw' is clicked on

2023-11-14 10:26:25 - [TEST_STEP][PASSED] - setEncryptedText(findTestObject("Object Repository/Page_Login  Salesforce/input_Password_pw"), "1SfOns6koWoi404fwi/OCQ=="): Text ****** has been set on object 'Object Repository/Page_Login  Salesforce/input_Password_pw'

2023-11-14 10:26:26 - [MESSAGE][PASSED] - Text ****** has been set on object 'Object Repository/Page_Login  Salesforce/input_Password_pw'

2023-11-14 10:26:26 - [TEST_STEP][PASSED] - click(findTestObject("Object Repository/Page_Login  Salesforce/input_Password_Login")): Object: 'Object Repository/Page_Login  Salesforce/input_Password_Login' is clicked on

2023-11-14 10:26:27 - [MESSAGE][PASSED] - Object: 'Object Repository/Page_Login  Salesforce/input_Password_Login' is clicked on

2023-11-14 10:26:27 - [TEST_STEP][PASSED] - delay(15): Delayed 15 second(s)

2023-11-14 10:26:42 - [MESSAGE][PASSED] - Delayed 15 second(s)

2023-11-14 10:26:42 - [TEST_STEP][PASSED] - click(findTestObject("Page_Login  Salesforce/Yes button")): Object: 'Object Repository/Page_Login  Salesforce/Yes button' is clicked on

2023-11-14 10:26:42 - [MESSAGE][PASSED] - Object: 'Object Repository/Page_Login  Salesforce/Yes button' is clicked on

2023-11-14 10:26:42 - [TEST_STEP][PASSED] - click(findTestObject("home page/Gear icon")): Object: 'Object Repository/home page/Gear icon' is clicked on

2023-11-14 10:26:48 - [MESSAGE][PASSED] - Object: 'Object Repository/home page/Gear icon' is clicked on

2023-11-14 10:26:48 - [TEST_STEP][PASSED] - click(findTestObject("home page/Setup")): Object: 'Object Repository/home page/Setup' is clicked on

2023-11-14 10:26:49 - [MESSAGE][PASSED] - Object: 'Object Repository/home page/Setup' is clicked on

2023-11-14 10:26:49 - [TEST_STEP][PASSED] - click(findTestObject("Home-Setup/Search")): Object: 'Object Repository/Home-Setup/Search' is clicked on

2023-11-14 10:26:50 - [MESSAGE][PASSED] - Object: 'Object Repository/Home-Setup/Search' is clicked on

2023-11-14 10:26:50 - [TEST_STEP][PASSED] - switchToWindowIndex(1): Switched to window with index: '1'

2023-11-14 10:26:51 - [MESSAGE][PASSED] - Switched to window with index: '1'

2023-11-14 10:26:51 - [TEST_STEP][PASSED] - setText(findTestObject("Home-Setup/Search-add-values"), "Diana Turney"): Text 'Diana Turney' is set on object 'Object Repository/Home-Setup/Search-add-values'

2023-11-14 10:26:53 - [MESSAGE][PASSED] - Text 'Diana Turney' is set on object 'Object Repository/Home-Setup/Search-add-values'

2023-11-14 10:26:53 - [TEST_STEP][PASSED] - sendKeys(findTestObject("Home-Setup/Search-add-values"), Keys.chord(ENTER)): Keys 'ENTER + ' sent to object: 'Object Repository/Home-Setup/Search-add-values'

2023-11-14 10:26:55 - [MESSAGE][PASSED] - Keys 'ENTER + ' sent to object: 'Object Repository/Home-Setup/Search-add-values'

2023-11-14 10:26:55 - [TEST_STEP][PASSED] - waitForElementClickable(findTestObject("Home-Setup/Diana Turney"), 10): Object 'Object Repository/Home-Setup/Diana Turney' is clickable

2023-11-14 10:26:57 - [MESSAGE][PASSED] - Object 'Object Repository/Home-Setup/Diana Turney' is clickable

2023-11-14 10:26:57 - [TEST_STEP][PASSED] - click(findTestObject("Home-Setup/Diana Turney")): Object: 'Object Repository/Home-Setup/Diana Turney' is clicked on

2023-11-14 10:26:58 - [MESSAGE][PASSED] - Object: 'Object Repository/Home-Setup/Diana Turney' is clicked on

2023-11-14 10:26:58 - [TEST_STEP][PASSED] - waitForElementPresent(findTestObject("IFrames/setup-users"), 10): Object 'Object Repository/IFrames/setup-users' is present

2023-11-14 10:27:00 - [MESSAGE][PASSED] - Object 'Object Repository/IFrames/setup-users' is present

2023-11-14 10:27:00 - [TEST_STEP][PASSED] - switchToFrame(findTestObject("IFrames/setup-users"), 10): null

2023-11-14 10:27:01 - [TEST_STEP][PASSED] - click(findTestObject("IFrames/login button")): Object: 'Object Repository/IFrames/login button' is clicked on

2023-11-14 10:27:01 - [MESSAGE][PASSED] - Object: 'Object Repository/IFrames/login button' is clicked on

2023-11-14 10:27:01 - [TEST_STEP][PASSED] - switchToDefaultContent(): null

2023-11-14 10:27:01 - [TEST_STEP][PASSED] - delay(10, STOP_ON_FAILURE): Delayed 10 second(s)

2023-11-14 10:27:11 - [MESSAGE][PASSED] - Delayed 10 second(s)

2023-11-14 10:27:11 - [TEST_STEP][PASSED] - click(findTestObject("Service-Console/search catagory")): Object: 'Object Repository/Service-Console/search catagory' is clicked on

2023-11-14 10:27:12 - [MESSAGE][PASSED] - Object: 'Object Repository/Service-Console/search catagory' is clicked on

2023-11-14 10:27:12 - [TEST_STEP][PASSED] - click(findTestObject("Service-Console/Billing-Account-Search-Box")): Object: 'Object Repository/Service-Console/Billing-Account-Search-Box' is clicked on

2023-11-14 10:27:13 - [MESSAGE][PASSED] - Object: 'Object Repository/Service-Console/Billing-Account-Search-Box' is clicked on

2023-11-14 10:27:13 - [TEST_STEP][PASSED] - waitForElementPresent(findTestObject("Service-Console/Search box"), 10): Object 'Object Repository/Service-Console/Search box' is present

2023-11-14 10:27:13 - [MESSAGE][PASSED] - Object 'Object Repository/Service-Console/Search box' is present

2023-11-14 10:27:13 - [TEST_STEP][PASSED] - setText(findTestObject("Service-Console/Search box"), "188051"): Text '188051' is set on object 'Object Repository/Service-Console/Search box'

2023-11-14 10:27:14 - [MESSAGE][PASSED] - Text '188051' is set on object 'Object Repository/Service-Console/Search box'

2023-11-14 10:27:14 - [TEST_STEP][PASSED] - sendKeys(findTestObject("Service-Console/Search box"), Keys.chord(ENTER)): Keys 'ENTER + ' sent to object: 'Object Repository/Service-Console/Search box'

2023-11-14 10:27:15 - [MESSAGE][PASSED] - Keys 'ENTER + ' sent to object: 'Object Repository/Service-Console/Search box'

2023-11-14 10:27:15 - [TEST_STEP][PASSED] - waitForElementClickable(findTestObject("Service-Console/Billing-Account"), 10): Object 'Object Repository/Service-Console/Billing-Account' is clickable

2023-11-14 10:27:16 - [MESSAGE][PASSED] - Object 'Object Repository/Service-Console/Billing-Account' is clickable

2023-11-14 10:27:16 - [TEST_STEP][PASSED] - elementsWithText = getWebDriver().findElements(By.xpath("//a[@title="188051"]")): null

2023-11-14 10:27:16 - [TEST_STEP][PASSED] - if (elementsWithText.size() > 0): null

2023-11-14 10:27:16 - [TEST_STEP][PASSED] - elementsWithText[0].click(): null

2023-11-14 10:27:16 - [TEST_STEP][PASSED] - click(findTestObject("Billing-Account-Num/Button-List/Button-List-Dropdwn")): Object: 'Object Repository/Billing-Account-Num/Button-List/Button-List-Dropdwn' is clicked on

2023-11-14 10:27:19 - [MESSAGE][PASSED] - Object: 'Object Repository/Billing-Account-Num/Button-List/Button-List-Dropdwn' is clicked on

2023-11-14 10:27:19 - [TEST_STEP][PASSED] - click(findTestObject("Billing-Account-Num/Button-List/Concession")): Object: 'Object Repository/Billing-Account-Num/Button-List/Concession' is clicked on

2023-11-14 10:27:20 - [MESSAGE][PASSED] - Object: 'Object Repository/Billing-Account-Num/Button-List/Concession' is clicked on

2023-11-14 10:27:20 - [TEST_STEP][PASSED] - switchToFrame(findTestObject("IFrames/Concession/Concession-Managment"), 10): null

2023-11-14 10:27:21 - [TEST_STEP][PASSED] - check(findTestObject("IFrames/Concession/Yes-Radio-Button")): Object 'Object Repository/IFrames/Concession/Yes-Radio-Button' is checked

2023-11-14 10:27:22 - [MESSAGE][PASSED] - Object 'Object Repository/IFrames/Concession/Yes-Radio-Button' is checked

2023-11-14 10:27:22 - [TEST_STEP][PASSED] - click(findTestObject("IFrames/Concession/Next-Button")): Object: 'Object Repository/IFrames/Concession/Next-Button' is clicked on

2023-11-14 10:27:22 - [MESSAGE][PASSED] - Object: 'Object Repository/IFrames/Concession/Next-Button' is clicked on

2023-11-14 10:27:22 - [TEST_STEP][PASSED] - check(findTestObject("IFrames/Concession/Yes-Remove-Radio-Button")): Object 'Object Repository/IFrames/Concession/Yes-Remove-Radio-Button' is checked

2023-11-14 10:27:24 - [MESSAGE][PASSED] - Object 'Object Repository/IFrames/Concession/Yes-Remove-Radio-Button' is checked

2023-11-14 10:27:24 - [TEST_STEP][PASSED] - click(findTestObject("IFrames/Concession/Next-Button")): Object: 'Object Repository/IFrames/Concession/Next-Button' is clicked on

2023-11-14 10:27:24 - [MESSAGE][PASSED] - Object: 'Object Repository/IFrames/Concession/Next-Button' is clicked on

2023-11-14 10:27:24 - [TEST_STEP][PASSED] - click(findTestObject("IFrames/Concession/Next-Button")): Object: 'Object Repository/IFrames/Concession/Next-Button' is clicked on

2023-11-14 10:27:30 - [MESSAGE][PASSED] - Object: 'Object Repository/IFrames/Concession/Next-Button' is clicked on

2023-11-14 10:27:30 - [TEST_STEP][PASSED] - delay(10): Delayed 10 second(s)

2023-11-14 10:27:40 - [MESSAGE][PASSED] - Delayed 10 second(s)

2023-11-14 10:27:40 - [TEST_STEP][PASSED] - check(findTestObject("IFrames/Concession/David-Wrenn")): Object 'Object Repository/IFrames/Concession/David-Wrenn' is checked

2023-11-14 10:27:40 - [MESSAGE][PASSED] - Object 'Object Repository/IFrames/Concession/David-Wrenn' is checked

2023-11-14 10:27:40 - [TEST_STEP][PASSED] - click(findTestObject("IFrames/Concession/Concession-Type")): Object: 'Object Repository/IFrames/Concession/Concession-Type' is clicked on

2023-11-14 10:27:40 - [MESSAGE][PASSED] - Object: 'Object Repository/IFrames/Concession/Concession-Type' is clicked on

2023-11-14 10:27:40 - [TEST_STEP][PASSED] - click(findTestObject("IFrames/Concession/Account-Holder")): Object: 'Object Repository/IFrames/Concession/Account-Holder' is clicked on

2023-11-14 10:27:40 - [MESSAGE][PASSED] - Object: 'Object Repository/IFrames/Concession/Account-Holder' is clicked on

2023-11-14 10:27:40 - [TEST_STEP][PASSED] - click(findTestObject("IFrames/Concession/Next-Button")): Object: 'Object Repository/IFrames/Concession/Next-Button' is clicked on

2023-11-14 10:27:40 - [MESSAGE][PASSED] - Object: 'Object Repository/IFrames/Concession/Next-Button' is clicked on

2023-11-14 10:27:40 - [TEST_STEP][PASSED] - check(findTestObject("IFrames/Concession/Privacy-Statement-CheckBox")): Object 'Object Repository/IFrames/Concession/Privacy-Statement-CheckBox' is checked

2023-11-14 10:27:41 - [MESSAGE][PASSED] - Object 'Object Repository/IFrames/Concession/Privacy-Statement-CheckBox' is checked

2023-11-14 10:27:41 - [TEST_STEP][PASSED] - setText(findTestObject("IFrames/Concession/Concession-Card-Num"), "305237600C"): Text '305237600C' is set on object 'Object Repository/IFrames/Concession/Concession-Card-Num'

2023-11-14 10:27:41 - [MESSAGE][PASSED] - Text '305237600C' is set on object 'Object Repository/IFrames/Concession/Concession-Card-Num'

2023-11-14 10:27:41 - [TEST_STEP][PASSED] - click(findTestObject("IFrames/Concession/Concession-Card-Type")): Object: 'Object Repository/IFrames/Concession/Concession-Card-Type' is clicked on

2023-11-14 10:27:41 - [MESSAGE][PASSED] - Object: 'Object Repository/IFrames/Concession/Concession-Card-Type' is clicked on

2023-11-14 10:27:41 - [TEST_STEP][PASSED] - click(findTestObject("IFrames/Concession/Pensioner-Concession-Card")): Object: 'Object Repository/IFrames/Concession/Pensioner-Concession-Card' is clicked on

2023-11-14 10:27:41 - [MESSAGE][PASSED] - Object: 'Object Repository/IFrames/Concession/Pensioner-Concession-Card' is clicked on

2023-11-14 10:27:41 - [TEST_STEP][PASSED] - click(findTestObject("IFrames/Concession/Next-Button")): Object: 'Object Repository/IFrames/Concession/Next-Button' is clicked on

2023-11-14 10:27:42 - [MESSAGE][PASSED] - Object: 'Object Repository/IFrames/Concession/Next-Button' is clicked on

2023-11-14 10:27:42 - [TEST_STEP][PASSED] - check(findTestObject("IFrames/Concession/Yes-Add-Concession-Radio-Button")): Object 'Object Repository/IFrames/Concession/Yes-Add-Concession-Radio-Button' is checked

2023-11-14 10:27:43 - [MESSAGE][PASSED] - Object 'Object Repository/IFrames/Concession/Yes-Add-Concession-Radio-Button' is checked

2023-11-14 10:27:43 - [TEST_STEP][PASSED] - click(findTestObject("IFrames/Concession/Next-Button")): Object: 'Object Repository/IFrames/Concession/Next-Button' is clicked on

2023-11-14 10:27:43 - [MESSAGE][PASSED] - Object: 'Object Repository/IFrames/Concession/Next-Button' is clicked on

2023-11-14 10:27:43 - [TEST_STEP][PASSED] - verifyElementPresent(findTestObject("IFrames/Concession/Successfuly-Added"), 0): Object 'Object Repository/IFrames/Concession/Successfuly-Added' is present

2023-11-14 10:27:43 - [MESSAGE][WARNING] - Timeout '0' is invalid. Using default page load timeout: '30'

2023-11-14 10:27:48 - [MESSAGE][PASSED] - Object 'Object Repository/IFrames/Concession/Successfuly-Added' is present

2023-11-14 10:27:48 - [TEST_STEP][PASSED] - click(findTestObject("IFrames/Concession/Next-Button")): Object: 'Object Repository/IFrames/Concession/Next-Button' is clicked on

2023-11-14 10:27:48 - [MESSAGE][PASSED] - Object: 'Object Repository/IFrames/Concession/Next-Button' is clicked on

2023-11-14 10:27:48 - [TEST_STEP][PASSED] - click(findTestObject("IFrames/Concession/Finish")): Object: 'Object Repository/IFrames/Concession/Finish' is clicked on

2023-11-14 10:27:48 - [MESSAGE][PASSED] - Object: 'Object Repository/IFrames/Concession/Finish' is clicked on]]></system-out>
         <system-err><![CDATA[]]></system-err>
      </testcase>
      <system-out><![CDATA[2023-11-14 10:25:38 - [TEST_SUITE][FAILED] - STM-2485: Test Cases/Concession-Managment/STM-2485/STM-2485-Iteration1 FAILED.
Reason:
com.kms.katalon.core.exception.StepFailedException: Unable to click on object 'Object Repository/Home-Setup/Diana Turney'
	at com.kms.katalon.core.webui.keyword.internal.WebUIKeywordMain.stepFailed(WebUIKeywordMain.groovy:64)
	at com.kms.katalon.core.webui.keyword.internal.WebUIKeywordMain.runKeyword(WebUIKeywordMain.groovy:26)
	at com.kms.katalon.core.webui.keyword.builtin.ClickKeyword.click(ClickKeyword.groovy:74)
	at com.kms.katalon.core.webui.keyword.builtin.ClickKeyword.execute(ClickKeyword.groovy:40)
	at com.kms.katalon.core.keyword.internal.KeywordExecutor.executeKeywordForPlatform(KeywordExecutor.groovy:74)
	at com.kms.katalon.core.webui.keyword.WebUiBuiltInKeywords.click(WebUiBuiltInKeywords.groovy:620)
	at com.kms.katalon.core.webui.keyword.WebUiBuiltInKeywords$click$3.call(Unknown Source)
	at STM-2485-Iteration1.run(STM-2485-Iteration1:64)
	at com.kms.katalon.core.main.ScriptEngine.run(ScriptEngine.java:194)
	at com.kms.katalon.core.main.ScriptEngine.runScriptAsRawText(ScriptEngine.java:119)
	at com.kms.katalon.core.main.TestCaseExecutor.runScript(TestCaseExecutor.java:448)
	at com.kms.katalon.core.main.TestCaseExecutor.doExecute(TestCaseExecutor.java:439)
	at com.kms.katalon.core.main.TestCaseExecutor.processExecutionPhase(TestCaseExecutor.java:418)
	at com.kms.katalon.core.main.TestCaseExecutor.accessMainPhase(TestCaseExecutor.java:410)
	at com.kms.katalon.core.main.TestCaseExecutor.execute(TestCaseExecutor.java:285)
	at com.kms.katalon.core.common.CommonExecutor.accessTestCaseMainPhase(CommonExecutor.java:65)
	at com.kms.katalon.core.main.TestSuiteExecutor.accessTestSuiteMainPhase(TestSuiteExecutor.java:148)
	at com.kms.katalon.core.main.TestSuiteExecutor.execute(TestSuiteExecutor.java:106)
	at com.kms.katalon.core.main.TestCaseMain.startTestSuite(TestCaseMain.java:187)
	at com.kms.katalon.core.main.TestCaseMain$startTestSuite$0.call(Unknown Source)
	at TempTestSuite1699917934521.run(TempTestSuite1699917934521.groovy:36)
Caused by: org.openqa.selenium.ElementNotInteractableException: element not interactable
  (Session info: chrome=119.0.6045.124)
Build info: version: '3.141.59', revision: 'e82be7d358', time: '2018-11-14T08:25:53'
System info: host: 'DESKTOP-BG27TAB', ip: '192.168.1.127', os.name: 'Windows 10', os.arch: 'amd64', os.version: '10.0', java.version: '1.8.0_362'
Driver info: com.kms.katalon.selenium.driver.CChromeDriver
Capabilities {acceptInsecureCerts: false, browserName: chrome, browserVersion: 119.0.6045.124, chrome: {chromedriverVersion: 119.0.6045.105 (38c72552c5e..., userDataDir: C:\Users\HAMIDS~1\AppData\L...}, fedcm:accounts: true, goog:chromeOptions: {debuggerAddress: localhost:53946}, javascriptEnabled: true, networkConnectionEnabled: false, pageLoadStrategy: normal, platform: WINDOWS, platformName: WINDOWS, proxy: Proxy(), setWindowRect: true, strictFileInteractability: false, timeouts: {implicit: 0, pageLoad: 300000, script: 30000}, unhandledPromptBehavior: dismiss and notify, webauthn:extension:credBlob: true, webauthn:extension:largeBlob: true, webauthn:extension:minPinLength: true, webauthn:extension:prf: true, webauthn:virtualAuthenticators: true}
Session ID: 9e9f2dde7e648995124c9e6a9f52349d
	at org.openqa.selenium.remote.http.W3CHttpResponseCodec.createException(W3CHttpResponseCodec.java:187)
	at org.openqa.selenium.remote.http.W3CHttpResponseCodec.decode(W3CHttpResponseCodec.java:122)
	at org.openqa.selenium.remote.http.W3CHttpResponseCodec.decode(W3CHttpResponseCodec.java:49)
	at org.openqa.selenium.remote.HttpCommandExecutor.execute(HttpCommandExecutor.java:158)
	at org.openqa.selenium.remote.service.DriverCommandExecutor.execute(DriverCommandExecutor.java:83)
	at org.openqa.selenium.remote.RemoteWebDriver.execute(RemoteWebDriver.java:552)
	at com.kms.katalon.selenium.driver.CChromeDriver.execute(CChromeDriver.java:19)
	at org.openqa.selenium.remote.RemoteWebElement.execute(RemoteWebElement.java:285)
	at org.openqa.selenium.remote.RemoteWebElement.click(RemoteWebElement.java:84)
	at org.openqa.selenium.support.events.EventFiringWebDriver$EventFiringWebElement.lambda$new$0(EventFiringWebDriver.java:404)
	at com.sun.proxy.$Proxy11.click(Unknown Source)
	at org.openqa.selenium.support.events.EventFiringWebDriver$EventFiringWebElement.click(EventFiringWebDriver.java:417)
	at org.openqa.selenium.WebElement$click.call(Unknown Source)
	at com.kms.katalon.core.webui.keyword.builtin.ClickKeyword.clickUntilSuccessWithTimeout(ClickKeyword.groovy:81)
	at com.kms.katalon.core.webui.keyword.builtin.ClickKeyword.clickUntilSuccessWithTimeout(ClickKeyword.groovy)
	at com.kms.katalon.core.webui.keyword.builtin.ClickKeyword$_click_closure1.doCall(ClickKeyword.groovy:67)
	at com.kms.katalon.core.webui.keyword.builtin.ClickKeyword$_click_closure1.call(ClickKeyword.groovy)
	at com.kms.katalon.core.webui.keyword.internal.WebUIKeywordMain.runKeyword(WebUIKeywordMain.groovy:20)
	... 19 more]]></system-out>
      <system-err><![CDATA[2023-11-14 10:25:38 - [TEST_SUITE][FAILED] - STM-2485: Test Cases/Concession-Managment/STM-2485/STM-2485-Iteration1 FAILED.
Reason:
com.kms.katalon.core.exception.StepFailedException: Unable to click on object 'Object Repository/Home-Setup/Diana Turney'
	at com.kms.katalon.core.webui.keyword.internal.WebUIKeywordMain.stepFailed(WebUIKeywordMain.groovy:64)
	at com.kms.katalon.core.webui.keyword.internal.WebUIKeywordMain.runKeyword(WebUIKeywordMain.groovy:26)
	at com.kms.katalon.core.webui.keyword.builtin.ClickKeyword.click(ClickKeyword.groovy:74)
	at com.kms.katalon.core.webui.keyword.builtin.ClickKeyword.execute(ClickKeyword.groovy:40)
	at com.kms.katalon.core.keyword.internal.KeywordExecutor.executeKeywordForPlatform(KeywordExecutor.groovy:74)
	at com.kms.katalon.core.webui.keyword.WebUiBuiltInKeywords.click(WebUiBuiltInKeywords.groovy:620)
	at com.kms.katalon.core.webui.keyword.WebUiBuiltInKeywords$click$3.call(Unknown Source)
	at STM-2485-Iteration1.run(STM-2485-Iteration1:64)
	at com.kms.katalon.core.main.ScriptEngine.run(ScriptEngine.java:194)
	at com.kms.katalon.core.main.ScriptEngine.runScriptAsRawText(ScriptEngine.java:119)
	at com.kms.katalon.core.main.TestCaseExecutor.runScript(TestCaseExecutor.java:448)
	at com.kms.katalon.core.main.TestCaseExecutor.doExecute(TestCaseExecutor.java:439)
	at com.kms.katalon.core.main.TestCaseExecutor.processExecutionPhase(TestCaseExecutor.java:418)
	at com.kms.katalon.core.main.TestCaseExecutor.accessMainPhase(TestCaseExecutor.java:410)
	at com.kms.katalon.core.main.TestCaseExecutor.execute(TestCaseExecutor.java:285)
	at com.kms.katalon.core.common.CommonExecutor.accessTestCaseMainPhase(CommonExecutor.java:65)
	at com.kms.katalon.core.main.TestSuiteExecutor.accessTestSuiteMainPhase(TestSuiteExecutor.java:148)
	at com.kms.katalon.core.main.TestSuiteExecutor.execute(TestSuiteExecutor.java:106)
	at com.kms.katalon.core.main.TestCaseMain.startTestSuite(TestCaseMain.java:187)
	at com.kms.katalon.core.main.TestCaseMain$startTestSuite$0.call(Unknown Source)
	at TempTestSuite1699917934521.run(TempTestSuite1699917934521.groovy:36)
Caused by: org.openqa.selenium.ElementNotInteractableException: element not interactable
  (Session info: chrome=119.0.6045.124)
Build info: version: '3.141.59', revision: 'e82be7d358', time: '2018-11-14T08:25:53'
System info: host: 'DESKTOP-BG27TAB', ip: '192.168.1.127', os.name: 'Windows 10', os.arch: 'amd64', os.version: '10.0', java.version: '1.8.0_362'
Driver info: com.kms.katalon.selenium.driver.CChromeDriver
Capabilities {acceptInsecureCerts: false, browserName: chrome, browserVersion: 119.0.6045.124, chrome: {chromedriverVersion: 119.0.6045.105 (38c72552c5e..., userDataDir: C:\Users\HAMIDS~1\AppData\L...}, fedcm:accounts: true, goog:chromeOptions: {debuggerAddress: localhost:53946}, javascriptEnabled: true, networkConnectionEnabled: false, pageLoadStrategy: normal, platform: WINDOWS, platformName: WINDOWS, proxy: Proxy(), setWindowRect: true, strictFileInteractability: false, timeouts: {implicit: 0, pageLoad: 300000, script: 30000}, unhandledPromptBehavior: dismiss and notify, webauthn:extension:credBlob: true, webauthn:extension:largeBlob: true, webauthn:extension:minPinLength: true, webauthn:extension:prf: true, webauthn:virtualAuthenticators: true}
Session ID: 9e9f2dde7e648995124c9e6a9f52349d
	at org.openqa.selenium.remote.http.W3CHttpResponseCodec.createException(W3CHttpResponseCodec.java:187)
	at org.openqa.selenium.remote.http.W3CHttpResponseCodec.decode(W3CHttpResponseCodec.java:122)
	at org.openqa.selenium.remote.http.W3CHttpResponseCodec.decode(W3CHttpResponseCodec.java:49)
	at org.openqa.selenium.remote.HttpCommandExecutor.execute(HttpCommandExecutor.java:158)
	at org.openqa.selenium.remote.service.DriverCommandExecutor.execute(DriverCommandExecutor.java:83)
	at org.openqa.selenium.remote.RemoteWebDriver.execute(RemoteWebDriver.java:552)
	at com.kms.katalon.selenium.driver.CChromeDriver.execute(CChromeDriver.java:19)
	at org.openqa.selenium.remote.RemoteWebElement.execute(RemoteWebElement.java:285)
	at org.openqa.selenium.remote.RemoteWebElement.click(RemoteWebElement.java:84)
	at org.openqa.selenium.support.events.EventFiringWebDriver$EventFiringWebElement.lambda$new$0(EventFiringWebDriver.java:404)
	at com.sun.proxy.$Proxy11.click(Unknown Source)
	at org.openqa.selenium.support.events.EventFiringWebDriver$EventFiringWebElement.click(EventFiringWebDriver.java:417)
	at org.openqa.selenium.WebElement$click.call(Unknown Source)
	at com.kms.katalon.core.webui.keyword.builtin.ClickKeyword.clickUntilSuccessWithTimeout(ClickKeyword.groovy:81)
	at com.kms.katalon.core.webui.keyword.builtin.ClickKeyword.clickUntilSuccessWithTimeout(ClickKeyword.groovy)
	at com.kms.katalon.core.webui.keyword.builtin.ClickKeyword$_click_closure1.doCall(ClickKeyword.groovy:67)
	at com.kms.katalon.core.webui.keyword.builtin.ClickKeyword$_click_closure1.call(ClickKeyword.groovy)
	at com.kms.katalon.core.webui.keyword.internal.WebUIKeywordMain.runKeyword(WebUIKeywordMain.groovy:20)
	... 19 more]]></system-err>
   </testsuite>
</testsuites>
