[
  {
    "line": 1,
    "elements": [
      {
        "line": 3,
        "name": "",
        "description": "",
        "type": "background",
        "keyword": "Background",
        "steps": [
          {
            "result": {
              "duration": 2068715500,
              "status": "passed"
            },
            "line": 4,
            "name": "I open a browser and after I max window I navigate to SF homepage",
            "match": {
              "location": "STM2485Iteration1.navigateToSFHomepage()"
            },
            "keyword": "Given "
          },
          {
            "result": {
              "duration": 20074008000,
              "status": "passed"
            },
            "line": 5,
            "name": "I enter my credentials and login to the page",
            "match": {
              "location": "STM2485Iteration1.clickOnUsername()"
            },
            "keyword": "When "
          },
          {
            "result": {
              "duration": 6227704100,
              "status": "passed"
            },
            "line": 6,
            "name": "I click on the Gear icon and open the setup page",
            "match": {
              "location": "STM2485Iteration1.clickOnGearIcon()"
            },
            "keyword": "Then "
          },
          {
            "result": {
              "error_message": "com.kms.katalon.core.exception.StepFailedException: Unable to click on object \u0027Object Repository/Home-Setup/Frank Murray\u0027\r\n\tat com.kms.katalon.core.webui.keyword.internal.WebUIKeywordMain.stepFailed(WebUIKeywordMain.groovy:64)\r\n\tat com.kms.katalon.core.webui.keyword.internal.WebUIKeywordMain.runKeyword(WebUIKeywordMain.groovy:26)\r\n\tat com.kms.katalon.core.webui.keyword.builtin.ClickKeyword.click(ClickKeyword.groovy:74)\r\n\tat com.kms.katalon.core.webui.keyword.builtin.ClickKeyword.execute(ClickKeyword.groovy:40)\r\n\tat com.kms.katalon.core.keyword.internal.KeywordExecutor.executeKeywordForPlatform(KeywordExecutor.groovy:74)\r\n\tat com.kms.katalon.core.webui.keyword.WebUiBuiltInKeywords.click(WebUiBuiltInKeywords.groovy:620)\r\n\tat com.kms.katalon.core.webui.keyword.WebUiBuiltInKeywords$click$3.call(Unknown Source)\r\n\tat STM2420.findCsoUser(STM2420.groovy:59)\r\n\tat âœ½.I click on the Search and search for Frank Murray(C:/Users/HamidSamavat/Desktop/Katalon/Salesforce-MFA-Login-main/Salesforce-MFA-Login-main/Include/features/Per Field Validation/STM-3287.feature:7)\r\nCaused by: com.kms.katalon.core.webui.exception.WebElementNotFoundException: Web element with id: \u0027Object Repository/Home-Setup/Frank Murray\u0027 located by \u0027//a[normalize-space()\u003d\u0027Frank Murray\u0027]\u0027 not found\r\n\tat com.kms.katalon.core.webui.common.WebUiCommonHelper.findWebElement(WebUiCommonHelper.java:1381)\r\n\tat com.kms.katalon.core.webui.keyword.internal.WebUIAbstractKeyword.findWebElement(WebUIAbstractKeyword.groovy:27)\r\n\tat com.kms.katalon.core.webui.keyword.builtin.ClickKeyword$_click_closure1.doCall(ClickKeyword.groovy:65)\r\n\tat com.kms.katalon.core.webui.keyword.builtin.ClickKeyword$_click_closure1.call(ClickKeyword.groovy)\r\n\tat com.kms.katalon.core.webui.keyword.internal.WebUIKeywordMain.runKeyword(WebUIKeywordMain.groovy:20)\r\n\tat com.kms.katalon.core.webui.keyword.builtin.ClickKeyword.click(ClickKeyword.groovy:74)\r\n\tat com.kms.katalon.core.webui.keyword.builtin.ClickKeyword.execute(ClickKeyword.groovy:40)\r\n\tat com.kms.katalon.core.keyword.internal.KeywordExecutor.executeKeywordForPlatform(KeywordExecutor.groovy:74)\r\n\tat com.kms.katalon.core.webui.keyword.WebUiBuiltInKeywords.click(WebUiBuiltInKeywords.groovy:620)\r\n\tat com.kms.katalon.core.webui.keyword.WebUiBuiltInKeywords$click$3.call(Unknown Source)\r\n\tat STM2420.findCsoUser(STM2420.groovy:59)\r\n\tat cucumber.runtime.Utils$1.call(Utils.java:26)\r\n\tat cucumber.runtime.Timeout.timeout(Timeout.java:16)\r\n\tat cucumber.runtime.Utils.invoke(Utils.java:20)\r\n\tat cucumber.runtime.java.JavaStepDefinition.execute(JavaStepDefinition.java:48)\r\n\tat cucumber.runtime.PickleStepDefinitionMatch.runStep(PickleStepDefinitionMatch.java:50)\r\n\tat cucumber.runner.TestStep.executeStep(TestStep.java:70)\r\n\tat cucumber.runner.TestStep.run(TestStep.java:52)\r\n\tat cucumber.runner.PickleStepTestStep.run(PickleStepTestStep.java:53)\r\n\tat cucumber.runner.TestCase.run(TestCase.java:47)\r\n\tat cucumber.runner.Runner.runPickle(Runner.java:44)\r\n\tat cucumber.runtime.Runtime.runFeature(Runtime.java:120)\r\n\tat cucumber.runtime.Runtime.run(Runtime.java:106)\r\n\tat cucumber.api.cli.Main.run(Main.java:35)\r\n\tat cucumber.api.cli.Main$run.call(Unknown Source)\r\n\tat com.kms.katalon.core.cucumber.keyword.CucumberBuiltinKeywords$_runFeatureFile_closure1.doCall(CucumberBuiltinKeywords.groovy:108)\r\n\tat com.kms.katalon.core.cucumber.keyword.CucumberBuiltinKeywords$_runFeatureFile_closure1.doCall(CucumberBuiltinKeywords.groovy)\r\n\tat com.kms.katalon.core.keyword.internal.KeywordMain.runKeyword(KeywordMain.groovy:75)\r\n\tat com.kms.katalon.core.keyword.internal.KeywordMain.runKeyword(KeywordMain.groovy:69)\r\n\tat com.kms.katalon.core.keyword.internal.KeywordMain$runKeyword.call(Unknown Source)\r\n\tat com.kms.katalon.core.cucumber.keyword.CucumberBuiltinKeywords.runFeatureFile(CucumberBuiltinKeywords.groovy:75)\r\n\tat com.kms.katalon.core.cucumber.keyword.CucumberBuiltinKeywords$runFeatureFile$0.callStatic(Unknown Source)\r\n\tat com.kms.katalon.core.cucumber.keyword.CucumberBuiltinKeywords.runFeatureFile(CucumberBuiltinKeywords.groovy:248)\r\n\tat com.kms.katalon.core.cucumber.keyword.CucumberBuiltinKeywords$runFeatureFile.call(Unknown Source)\r\n\tat STM-3287.run(STM-3287:20)\r\n\tat com.kms.katalon.core.main.ScriptEngine.run(ScriptEngine.java:194)\r\n\tat com.kms.katalon.core.main.ScriptEngine.runScriptAsRawText(ScriptEngine.java:119)\r\n\tat com.kms.katalon.core.main.TestCaseExecutor.runScript(TestCaseExecutor.java:448)\r\n\tat com.kms.katalon.core.main.TestCaseExecutor.doExecute(TestCaseExecutor.java:439)\r\n\tat com.kms.katalon.core.main.TestCaseExecutor.processExecutionPhase(TestCaseExecutor.java:418)\r\n\tat com.kms.katalon.core.main.TestCaseExecutor.accessMainPhase(TestCaseExecutor.java:410)\r\n\tat com.kms.katalon.core.main.TestCaseExecutor.execute(TestCaseExecutor.java:285)\r\n\tat com.kms.katalon.core.common.CommonExecutor.accessTestCaseMainPhase(CommonExecutor.java:65)\r\n\tat com.kms.katalon.core.main.TestSuiteExecutor.accessTestSuiteMainPhase(TestSuiteExecutor.java:148)\r\n\tat com.kms.katalon.core.main.TestSuiteExecutor.execute(TestSuiteExecutor.java:106)\r\n\tat com.kms.katalon.core.main.TestCaseMain.startTestSuite(TestCaseMain.java:187)\r\n\tat com.kms.katalon.core.main.TestCaseMain$startTestSuite$0.call(Unknown Source)\r\n\tat TempTestSuite1700432738692.run(TempTestSuite1700432738692.groovy:36)\r\n",
              "duration": 47954328700,
              "status": "failed"
            },
            "line": 7,
            "name": "I click on the Search and search for Frank Murray",
            "match": {
              "location": "STM2420.findCsoUser()"
            },
            "keyword": "And "
          },
          {
            "result": {
              "status": "skipped"
            },
            "line": 8,
            "name": "I click on the login button on setup user page for Frank Murray",
            "match": {
              "location": "STM2420.clickOnLogin()"
            },
            "keyword": "And "
          },
          {
            "result": {
              "status": "skipped"
            },
            "line": 9,
            "name": "I try fo find billing acount 1042163",
            "match": {
              "location": "STM2420.clickOnSearchAll()"
            },
            "keyword": "And "
          },
          {
            "result": {
              "status": "skipped"
            },
            "line": 10,
            "name": "I Delete the unnecessary cookies",
            "match": {
              "location": "STM2420.deleteCookies()"
            },
            "keyword": "And "
          },
          {
            "result": {
              "status": "skipped"
            },
            "line": 11,
            "name": "I reload the page",
            "match": {
              "location": "STM2420.reloadCurrentPage()"
            },
            "keyword": "And "
          },
          {
            "result": {
              "status": "skipped"
            },
            "line": 12,
            "name": "I click on CCPaument button for Frank Murray",
            "match": {
              "location": "STM2420.clickOnCcPayment()"
            },
            "keyword": "And "
          }
        ]
      },
      {
        "line": 31,
        "name": "Validate Credit Card Payments via a SEW CSO Pulse Front End - Incorrect Card Type",
        "description": "",
        "id": "per-field-validation-2;validate-credit-card-payments-via-a-sew-cso-pulse-front-end---incorrect-card-type;;2",
        "type": "scenario",
        "keyword": "Scenario Outline",
        "steps": [
          {
            "result": {
              "status": "skipped"
            },
            "line": 17,
            "name": "I click on Credit Card Type and select Master for AARON P CROSS for negative scenario",
            "match": {
              "location": "STM3287.definePaymentDetails()"
            },
            "keyword": "And "
          },
          {
            "result": {
              "status": "skipped"
            },
            "line": 18,
            "name": "I enter credit card number for AARON P CROSS for negative scenario",
            "match": {
              "location": "STM3287.enterCredit()"
            },
            "keyword": "And "
          },
          {
            "result": {
              "status": "skipped"
            },
            "line": 19,
            "name": "I set the Expiry Date for negative scenario",
            "match": {
              "location": "STM3287.setExpiry()"
            },
            "keyword": "And "
          },
          {
            "result": {
              "status": "skipped"
            },
            "line": 20,
            "name": "I set the customer name for negative scenario",
            "match": {
              "location": "STM3287.setcusname()"
            },
            "keyword": "And "
          },
          {
            "result": {
              "status": "skipped"
            },
            "line": 21,
            "name": "I set the CVV for negative scenario",
            "match": {
              "location": "STM3287.setCVV()"
            },
            "keyword": "And "
          },
          {
            "result": {
              "status": "skipped"
            },
            "line": 22,
            "name": "I set the Amount for negative scenario",
            "match": {
              "location": "STM3287.setAmount()"
            },
            "keyword": "And "
          },
          {
            "result": {
              "status": "skipped"
            },
            "line": 23,
            "name": "I enter on Submit to submit the payment form for negative scenario",
            "match": {
              "location": "STM3287.clickSubmit()"
            },
            "keyword": "And "
          },
          {
            "result": {
              "status": "skipped"
            },
            "line": 24,
            "name": "I take an screenshot of the not successful payment page",
            "match": {
              "location": "STM3287.takeScreenshotPaymentSuccess()"
            },
            "keyword": "And "
          }
        ],
        "tags": [
          {
            "name": "@Login,"
          },
          {
            "name": "@LoginAsCFO"
          }
        ]
      }
    ],
    "name": "Per field validation 2",
    "description": "",
    "id": "per-field-validation-2",
    "keyword": "Feature",
    "uri": "C:/Users/HamidSamavat/Desktop/Katalon/Salesforce-MFA-Login-main/Salesforce-MFA-Login-main/Include/features/Per Field Validation/STM-3287.feature",
    "tags": []
  }
]